Analysis & Synthesis report for traffic_fsm
Wed Apr 19 16:45:04 2017
Quartus Prime Version 16.1.0 Build 196 10/24/2016 SJ Lite Edition


---------------------
; Table of Contents ;
---------------------
  1. Legal Notice
  2. Analysis & Synthesis Summary
  3. Analysis & Synthesis Settings
  4. Parallel Compilation
  5. Analysis & Synthesis Source Files Read
  6. Analysis & Synthesis Resource Usage Summary
  7. Analysis & Synthesis Resource Utilization by Entity
  8. State Machine - |traffic_fsm|state
  9. Registers Removed During Synthesis
 10. Removed Registers Triggering Further Register Optimizations
 11. General Register Statistics
 12. Inverted Register Statistics
 13. Multiplexer Restructuring Statistics (Restructuring Performed)
 14. Parameter Settings for User Entity Instance: Top-level Entity: |traffic_fsm
 15. Parameter Settings for User Entity Instance: timer:tm0
 16. Post-Synthesis Netlist Statistics for Top Partition
 17. Elapsed Time Per Partition
 18. Analysis & Synthesis Messages



----------------
; Legal Notice ;
----------------
Copyright (C) 2016  Intel Corporation. All rights reserved.
Your use of Intel Corporation's design tools, logic functions 
and other software and tools, and its AMPP partner logic 
functions, and any output files from any of the foregoing 
(including device programming or simulation files), and any 
associated documentation or information are expressly subject 
to the terms and conditions of the Intel Program License 
Subscription Agreement, the Intel Quartus Prime License Agreement,
the Intel MegaCore Function License Agreement, or other 
applicable license agreement, including, without limitation, 
that your use is for the sole purpose of programming logic 
devices manufactured by Intel and sold by Intel or its 
authorized distributors.  Please refer to the applicable 
agreement for further details.



+-------------------------------------------------------------------------------+
; Analysis & Synthesis Summary                                                  ;
+---------------------------------+---------------------------------------------+
; Analysis & Synthesis Status     ; Successful - Wed Apr 19 16:45:04 2017       ;
; Quartus Prime Version           ; 16.1.0 Build 196 10/24/2016 SJ Lite Edition ;
; Revision Name                   ; traffic_fsm                                 ;
; Top-level Entity Name           ; traffic_fsm                                 ;
; Family                          ; Cyclone V                                   ;
; Logic utilization (in ALMs)     ; N/A                                         ;
; Total registers                 ; 44                                          ;
; Total pins                      ; 23                                          ;
; Total virtual pins              ; 0                                           ;
; Total block memory bits         ; 0                                           ;
; Total DSP Blocks                ; 0                                           ;
; Total HSSI RX PCSs              ; 0                                           ;
; Total HSSI PMA RX Deserializers ; 0                                           ;
; Total HSSI TX PCSs              ; 0                                           ;
; Total HSSI PMA TX Serializers   ; 0                                           ;
; Total PLLs                      ; 0                                           ;
; Total DLLs                      ; 0                                           ;
+---------------------------------+---------------------------------------------+


+---------------------------------------------------------------------------------------------------------------------------+
; Analysis & Synthesis Settings                                                                                             ;
+---------------------------------------------------------------------------------+--------------------+--------------------+
; Option                                                                          ; Setting            ; Default Value      ;
+---------------------------------------------------------------------------------+--------------------+--------------------+
; Device                                                                          ; 5CSEMA5F31C6       ;                    ;
; Top-level entity name                                                           ; traffic_fsm        ; traffic_fsm        ;
; Family name                                                                     ; Cyclone V          ; Cyclone V          ;
; Use smart compilation                                                           ; Off                ; Off                ;
; Enable parallel Assembler and TimeQuest Timing Analyzer during compilation      ; On                 ; On                 ;
; Enable compact report table                                                     ; Off                ; Off                ;
; Restructure Multiplexers                                                        ; Auto               ; Auto               ;
; MLAB Add Timing Constraints For Mixed-Port Feed-Through Mode Setting Don't Care ; Off                ; Off                ;
; Create Debugging Nodes for IP Cores                                             ; Off                ; Off                ;
; Preserve fewer node names                                                       ; On                 ; On                 ;
; OpenCore Plus hardware evaluation                                               ; Enable             ; Enable             ;
; Verilog Version                                                                 ; Verilog_2001       ; Verilog_2001       ;
; VHDL Version                                                                    ; VHDL_1993          ; VHDL_1993          ;
; State Machine Processing                                                        ; Auto               ; Auto               ;
; Safe State Machine                                                              ; Off                ; Off                ;
; Extract Verilog State Machines                                                  ; On                 ; On                 ;
; Extract VHDL State Machines                                                     ; On                 ; On                 ;
; Ignore Verilog initial constructs                                               ; Off                ; Off                ;
; Iteration limit for constant Verilog loops                                      ; 5000               ; 5000               ;
; Iteration limit for non-constant Verilog loops                                  ; 250                ; 250                ;
; Add Pass-Through Logic to Inferred RAMs                                         ; On                 ; On                 ;
; Infer RAMs from Raw Logic                                                       ; On                 ; On                 ;
; Parallel Synthesis                                                              ; On                 ; On                 ;
; DSP Block Balancing                                                             ; Auto               ; Auto               ;
; NOT Gate Push-Back                                                              ; On                 ; On                 ;
; Power-Up Don't Care                                                             ; On                 ; On                 ;
; Remove Redundant Logic Cells                                                    ; Off                ; Off                ;
; Remove Duplicate Registers                                                      ; On                 ; On                 ;
; Ignore CARRY Buffers                                                            ; Off                ; Off                ;
; Ignore CASCADE Buffers                                                          ; Off                ; Off                ;
; Ignore GLOBAL Buffers                                                           ; Off                ; Off                ;
; Ignore ROW GLOBAL Buffers                                                       ; Off                ; Off                ;
; Ignore LCELL Buffers                                                            ; Off                ; Off                ;
; Ignore SOFT Buffers                                                             ; On                 ; On                 ;
; Limit AHDL Integers to 32 Bits                                                  ; Off                ; Off                ;
; Optimization Technique                                                          ; Balanced           ; Balanced           ;
; Carry Chain Length                                                              ; 70                 ; 70                 ;
; Auto Carry Chains                                                               ; On                 ; On                 ;
; Auto Open-Drain Pins                                                            ; On                 ; On                 ;
; Perform WYSIWYG Primitive Resynthesis                                           ; Off                ; Off                ;
; Auto ROM Replacement                                                            ; On                 ; On                 ;
; Auto RAM Replacement                                                            ; On                 ; On                 ;
; Auto DSP Block Replacement                                                      ; On                 ; On                 ;
; Auto Shift Register Replacement                                                 ; Auto               ; Auto               ;
; Allow Shift Register Merging across Hierarchies                                 ; Auto               ; Auto               ;
; Auto Clock Enable Replacement                                                   ; On                 ; On                 ;
; Strict RAM Replacement                                                          ; Off                ; Off                ;
; Allow Synchronous Control Signals                                               ; On                 ; On                 ;
; Force Use of Synchronous Clear Signals                                          ; Off                ; Off                ;
; Auto Resource Sharing                                                           ; Off                ; Off                ;
; Allow Any RAM Size For Recognition                                              ; Off                ; Off                ;
; Allow Any ROM Size For Recognition                                              ; Off                ; Off                ;
; Allow Any Shift Register Size For Recognition                                   ; Off                ; Off                ;
; Use LogicLock Constraints during Resource Balancing                             ; On                 ; On                 ;
; Ignore translate_off and synthesis_off directives                               ; Off                ; Off                ;
; Timing-Driven Synthesis                                                         ; On                 ; On                 ;
; Report Parameter Settings                                                       ; On                 ; On                 ;
; Report Source Assignments                                                       ; On                 ; On                 ;
; Report Connectivity Checks                                                      ; On                 ; On                 ;
; Ignore Maximum Fan-Out Assignments                                              ; Off                ; Off                ;
; Synchronization Register Chain Length                                           ; 3                  ; 3                  ;
; PowerPlay Power Optimization During Synthesis                                   ; Normal compilation ; Normal compilation ;
; HDL message level                                                               ; Level2             ; Level2             ;
; Suppress Register Optimization Related Messages                                 ; Off                ; Off                ;
; Number of Removed Registers Reported in Synthesis Report                        ; 5000               ; 5000               ;
; Number of Swept Nodes Reported in Synthesis Report                              ; 5000               ; 5000               ;
; Number of Inverted Registers Reported in Synthesis Report                       ; 100                ; 100                ;
; Clock MUX Protection                                                            ; On                 ; On                 ;
; Auto Gated Clock Conversion                                                     ; Off                ; Off                ;
; Block Design Naming                                                             ; Auto               ; Auto               ;
; SDC constraint protection                                                       ; Off                ; Off                ;
; Synthesis Effort                                                                ; Auto               ; Auto               ;
; Shift Register Replacement - Allow Asynchronous Clear Signal                    ; On                 ; On                 ;
; Pre-Mapping Resynthesis Optimization                                            ; Off                ; Off                ;
; Analysis & Synthesis Message Level                                              ; Medium             ; Medium             ;
; Disable Register Merging Across Hierarchies                                     ; Auto               ; Auto               ;
; Resource Aware Inference For Block RAM                                          ; On                 ; On                 ;
; Automatic Parallel Synthesis                                                    ; On                 ; On                 ;
; Partial Reconfiguration Bitstream ID                                            ; Off                ; Off                ;
+---------------------------------------------------------------------------------+--------------------+--------------------+


+------------------------------------------+
; Parallel Compilation                     ;
+----------------------------+-------------+
; Processors                 ; Number      ;
+----------------------------+-------------+
; Number detected on machine ; 2           ;
; Maximum allowed            ; 2           ;
;                            ;             ;
; Average used               ; 1.00        ;
; Maximum used               ; 2           ;
;                            ;             ;
; Usage by Processor         ; % Time Used ;
;     Processor 1            ; 100.0%      ;
;     Processor 2            ;   0.0%      ;
+----------------------------+-------------+


+----------------------------------------------------------------------------------------------------------------------------------------------------------------------+
; Analysis & Synthesis Source Files Read                                                                                                                               ;
+----------------------------------+-----------------+------------------------+------------------------------------------------------------------------------+---------+
; File Name with User-Entered Path ; Used in Netlist ; File Type              ; File Name with Absolute Path                                                 ; Library ;
+----------------------------------+-----------------+------------------------+------------------------------------------------------------------------------+---------+
; traffic_fsm.v                    ; yes             ; User Verilog HDL File  ; /home/xieerqi/GIT/msudenver_eet_4020_verilog/proj1_traffic_fsm/traffic_fsm.v ;         ;
+----------------------------------+-----------------+------------------------+------------------------------------------------------------------------------+---------+


+---------------------------------------------------------+
; Analysis & Synthesis Resource Usage Summary             ;
+---------------------------------------------+-----------+
; Resource                                    ; Usage     ;
+---------------------------------------------+-----------+
; Estimate of Logic utilization (ALMs needed) ; 42        ;
;                                             ;           ;
; Combinational ALUT usage for logic          ; 74        ;
;     -- 7 input functions                    ; 0         ;
;     -- 6 input functions                    ; 8         ;
;     -- 5 input functions                    ; 4         ;
;     -- 4 input functions                    ; 12        ;
;     -- <=3 input functions                  ; 50        ;
;                                             ;           ;
; Dedicated logic registers                   ; 44        ;
;                                             ;           ;
; I/O pins                                    ; 23        ;
;                                             ;           ;
; Total DSP Blocks                            ; 0         ;
;                                             ;           ;
; Maximum fan-out node                        ; clk~input ;
; Maximum fan-out                             ; 44        ;
; Total fan-out                               ; 325       ;
; Average fan-out                             ; 1.98      ;
+---------------------------------------------+-----------+


+-------------------------------------------------------------------------------------------------------------------------------------------------------------------------------------------------------------+
; Analysis & Synthesis Resource Utilization by Entity                                                                                                                                                         ;
+----------------------------+---------------------+---------------------------+-------------------+------------+------+--------------+------------------------------------+-------------------+--------------+
; Compilation Hierarchy Node ; Combinational ALUTs ; Dedicated Logic Registers ; Block Memory Bits ; DSP Blocks ; Pins ; Virtual Pins ; Full Hierarchy Name                ; Entity Name       ; Library Name ;
+----------------------------+---------------------+---------------------------+-------------------+------------+------+--------------+------------------------------------+-------------------+--------------+
; |traffic_fsm               ; 74 (14)             ; 44 (14)                   ; 0                 ; 0          ; 23   ; 0            ; |traffic_fsm                       ; traffic_fsm       ; work         ;
;    |seven_seg_decoder:ssd| ; 7 (7)               ; 0 (0)                     ; 0                 ; 0          ; 0    ; 0            ; |traffic_fsm|seven_seg_decoder:ssd ; seven_seg_decoder ; work         ;
;    |timer:tm0|             ; 53 (53)             ; 30 (30)                   ; 0                 ; 0          ; 0    ; 0            ; |traffic_fsm|timer:tm0             ; timer             ; work         ;
+----------------------------+---------------------+---------------------------+-------------------+------------+------+--------------+------------------------------------+-------------------+--------------+
Note: For table entries with two numbers listed, the numbers in parentheses indicate the number of resources of the given type used by the specific entity alone. The numbers listed outside of parentheses indicate the total resources of the given type used by the specific entity and all of its sub-entities in the hierarchy.


Encoding Type:  One-Hot
+-------------------------------------------------------------------------------------------------------------------------------------------------------------------------------------------------------------+
; State Machine - |traffic_fsm|state                                                                                                                                                                          ;
+------------------------+------------------------+-----------------------+----------------------+---------------------+------------------+-----------------+----------------+---------------+----------------+
; Name                   ; state.cross_arrow_wait ; state.main_arrow_wait ; state.cross_arrow_go ; state.main_arrow_go ; state.cross_wait ; state.main_wait ; state.cross_go ; state.main_go ; state.all_stop ;
+------------------------+------------------------+-----------------------+----------------------+---------------------+------------------+-----------------+----------------+---------------+----------------+
; state.main_go          ; 0                      ; 0                     ; 0                    ; 0                   ; 0                ; 0               ; 0              ; 0             ; 0              ;
; state.cross_go         ; 0                      ; 0                     ; 0                    ; 0                   ; 0                ; 0               ; 1              ; 1             ; 0              ;
; state.main_wait        ; 0                      ; 0                     ; 0                    ; 0                   ; 0                ; 1               ; 0              ; 1             ; 0              ;
; state.cross_wait       ; 0                      ; 0                     ; 0                    ; 0                   ; 1                ; 0               ; 0              ; 1             ; 0              ;
; state.main_arrow_go    ; 0                      ; 0                     ; 0                    ; 1                   ; 0                ; 0               ; 0              ; 1             ; 0              ;
; state.cross_arrow_go   ; 0                      ; 0                     ; 1                    ; 0                   ; 0                ; 0               ; 0              ; 1             ; 0              ;
; state.main_arrow_wait  ; 0                      ; 1                     ; 0                    ; 0                   ; 0                ; 0               ; 0              ; 1             ; 0              ;
; state.cross_arrow_wait ; 1                      ; 0                     ; 0                    ; 0                   ; 0                ; 0               ; 0              ; 1             ; 0              ;
; state.all_stop         ; 0                      ; 0                     ; 0                    ; 0                   ; 0                ; 0               ; 0              ; 1             ; 1              ;
+------------------------+------------------------+-----------------------+----------------------+---------------------+------------------+-----------------+----------------+---------------+----------------+


+---------------------------------------------------------------------------------+
; Registers Removed During Synthesis                                              ;
+----------------------------------------+----------------------------------------+
; Register name                          ; Reason for Removal                     ;
+----------------------------------------+----------------------------------------+
; sleep[3]                               ; Stuck at GND due to stuck port data_in ;
; state~2                                ; Lost fanout                            ;
; state~3                                ; Lost fanout                            ;
; state~4                                ; Lost fanout                            ;
; state.cross_arrow_wait                 ; Merged with state.cross_arrow_go       ;
; state.main_arrow_go                    ; Merged with state.cross_arrow_go       ;
; state.main_arrow_wait                  ; Merged with state.cross_arrow_go       ;
; state.cross_arrow_go                   ; Stuck at GND due to stuck port data_in ;
; main_lights[0]~reg0                    ; Stuck at GND due to stuck port data_in ;
; main_lights[1]~reg0                    ; Stuck at GND due to stuck port data_in ;
; cross_lights[0]~reg0                   ; Stuck at GND due to stuck port data_in ;
; cross_lights[1]~reg0                   ; Stuck at GND due to stuck port data_in ;
; Total Number of Removed Registers = 12 ;                                        ;
+----------------------------------------+----------------------------------------+


+-----------------------------------------------------------------------------------------------------------------------------------------+
; Removed Registers Triggering Further Register Optimizations                                                                             ;
+----------------------+---------------------------+--------------------------------------------------------------------------------------+
; Register name        ; Reason for Removal        ; Registers Removed due to This Register                                               ;
+----------------------+---------------------------+--------------------------------------------------------------------------------------+
; state.cross_arrow_go ; Stuck at GND              ; main_lights[0]~reg0, main_lights[1]~reg0, cross_lights[0]~reg0, cross_lights[1]~reg0 ;
;                      ; due to stuck port data_in ;                                                                                      ;
+----------------------+---------------------------+--------------------------------------------------------------------------------------+


+------------------------------------------------------+
; General Register Statistics                          ;
+----------------------------------------------+-------+
; Statistic                                    ; Value ;
+----------------------------------------------+-------+
; Total registers                              ; 44    ;
; Number of registers using Synchronous Clear  ; 0     ;
; Number of registers using Synchronous Load   ; 0     ;
; Number of registers using Asynchronous Clear ; 0     ;
; Number of registers using Asynchronous Load  ; 0     ;
; Number of registers using Clock Enable       ; 2     ;
; Number of registers using Preset             ; 0     ;
+----------------------------------------------+-------+


+---------------------------------------------------+
; Inverted Register Statistics                      ;
+-----------------------------------------+---------+
; Inverted Register                       ; Fan out ;
+-----------------------------------------+---------+
; timer:tm0|ticker[1]                     ; 2       ;
; timer:tm0|ticker[0]                     ; 3       ;
; timer:tm0|ticker[6]                     ; 2       ;
; timer:tm0|ticker[5]                     ; 2       ;
; timer:tm0|ticker[4]                     ; 2       ;
; timer:tm0|ticker[3]                     ; 2       ;
; timer:tm0|ticker[2]                     ; 2       ;
; timer:tm0|ticker[13]                    ; 2       ;
; timer:tm0|ticker[12]                    ; 2       ;
; timer:tm0|ticker[25]                    ; 2       ;
; timer:tm0|ticker[23]                    ; 2       ;
; timer:tm0|ticker[22]                    ; 2       ;
; timer:tm0|ticker[21]                    ; 2       ;
; timer:tm0|ticker[20]                    ; 2       ;
; timer:tm0|ticker[19]                    ; 2       ;
; timer:tm0|ticker[17]                    ; 2       ;
; timer:tm0|ticker[15]                    ; 2       ;
; timer:tm0|ticker[14]                    ; 2       ;
; sleep[2]                                ; 1       ;
; sleep[1]                                ; 1       ;
; Total number of inverted registers = 20 ;         ;
+-----------------------------------------+---------+


+-------------------------------------------------------------------------------------------------------------------------------------------------+
; Multiplexer Restructuring Statistics (Restructuring Performed)                                                                                  ;
+--------------------+-----------+---------------+----------------------+------------------------+------------+-----------------------------------+
; Multiplexer Inputs ; Bus Width ; Baseline Area ; Area if Restructured ; Saving if Restructured ; Registered ; Example Multiplexer Output        ;
+--------------------+-----------+---------------+----------------------+------------------------+------------+-----------------------------------+
; 3:1                ; 3 bits    ; 6 LEs         ; 3 LEs                ; 3 LEs                  ; Yes        ; |traffic_fsm|timer:tm0|counter[2] ;
; 5:1                ; 2 bits    ; 6 LEs         ; 4 LEs                ; 2 LEs                  ; Yes        ; |traffic_fsm|sleep[2]             ;
; 6:1                ; 6 bits    ; 24 LEs        ; 18 LEs               ; 6 LEs                  ; No         ; |traffic_fsm|state                ;
; 6:1                ; 2 bits    ; 8 LEs         ; 6 LEs                ; 2 LEs                  ; No         ; |traffic_fsm|state                ;
+--------------------+-----------+---------------+----------------------+------------------------+------------+-----------------------------------+


+-----------------------------------------------------------------------------+
; Parameter Settings for User Entity Instance: Top-level Entity: |traffic_fsm ;
+------------------+-------+--------------------------------------------------+
; Parameter Name   ; Value ; Type                                             ;
+------------------+-------+--------------------------------------------------+
; main_go          ; 0     ; Signed Integer                                   ;
; cross_go         ; 1     ; Signed Integer                                   ;
; main_wait        ; 2     ; Signed Integer                                   ;
; cross_wait       ; 3     ; Signed Integer                                   ;
; main_arrow_go    ; 4     ; Signed Integer                                   ;
; cross_arrow_go   ; 5     ; Signed Integer                                   ;
; main_arrow_wait  ; 6     ; Signed Integer                                   ;
; cross_arrow_wait ; 7     ; Signed Integer                                   ;
; all_stop         ; 8     ; Signed Integer                                   ;
+------------------+-------+--------------------------------------------------+
Note: In order to hide this table in the UI and the text report file, please set the "Show Parameter Settings in Synthesis Report" option in "Analysis and Synthesis Settings -> More Settings" to "Off".


+--------------------------------------------------------+
; Parameter Settings for User Entity Instance: timer:tm0 ;
+----------------+----------+----------------------------+
; Parameter Name ; Value    ; Type                       ;
+----------------+----------+----------------------------+
; tick_count     ; 49999999 ; Signed Integer             ;
+----------------+----------+----------------------------+
Note: In order to hide this table in the UI and the text report file, please set the "Show Parameter Settings in Synthesis Report" option in "Analysis and Synthesis Settings -> More Settings" to "Off".


+-----------------------------------------------------+
; Post-Synthesis Netlist Statistics for Top Partition ;
+-----------------------+-----------------------------+
; Type                  ; Count                       ;
+-----------------------+-----------------------------+
; arriav_ff             ; 44                          ;
;     ENA               ; 2                           ;
;     plain             ; 42                          ;
; arriav_lcell_comb     ; 75                          ;
;     arith             ; 26                          ;
;         1 data inputs ; 26                          ;
;     normal            ; 49                          ;
;         0 data inputs ; 1                           ;
;         1 data inputs ; 19                          ;
;         2 data inputs ; 2                           ;
;         3 data inputs ; 3                           ;
;         4 data inputs ; 12                          ;
;         5 data inputs ; 4                           ;
;         6 data inputs ; 8                           ;
; boundary_port         ; 23                          ;
;                       ;                             ;
; Max LUT depth         ; 4.50                        ;
; Average LUT depth     ; 2.85                        ;
+-----------------------+-----------------------------+


+-------------------------------+
; Elapsed Time Per Partition    ;
+----------------+--------------+
; Partition Name ; Elapsed Time ;
+----------------+--------------+
; Top            ; 00:00:02     ;
+----------------+--------------+


+-------------------------------+
; Analysis & Synthesis Messages ;
+-------------------------------+
Info: *******************************************************************
Info: Running Quartus Prime Analysis & Synthesis
    Info: Version 16.1.0 Build 196 10/24/2016 SJ Lite Edition
    Info: Processing started: Wed Apr 19 16:44:18 2017
Info: Command: quartus_map --read_settings_files=on --write_settings_files=off traffic_fsm -c traffic_fsm
Warning (18236): Number of processors has not been specified which may cause overloading on shared machines.  Set the global assignment NUM_PARALLEL_PROCESSORS in your QSF to an appropriate value for best performance.
Info (20030): Parallel compilation is enabled and will use 2 of the 2 processors detected
Info (12021): Found 4 design units, including 4 entities, in source file traffic_fsm.v
    Info (12023): Found entity 1: traffic_fsm File: /home/xieerqi/GIT/msudenver_eet_4020_verilog/proj1_traffic_fsm/traffic_fsm.v Line: 1
    Info (12023): Found entity 2: timer File: /home/xieerqi/GIT/msudenver_eet_4020_verilog/proj1_traffic_fsm/traffic_fsm.v Line: 173
    Info (12023): Found entity 3: seven_seg_decoder File: /home/xieerqi/GIT/msudenver_eet_4020_verilog/proj1_traffic_fsm/traffic_fsm.v Line: 230
    Info (12023): Found entity 4: stimulus_seven_seg File: /home/xieerqi/GIT/msudenver_eet_4020_verilog/proj1_traffic_fsm/traffic_fsm.v Line: 287
Info (12127): Elaborating entity "traffic_fsm" for the top level hierarchy
Info (12128): Elaborating entity "timer" for hierarchy "timer:tm0" File: /home/xieerqi/GIT/msudenver_eet_4020_verilog/proj1_traffic_fsm/traffic_fsm.v Line: 22
Warning (10230): Verilog HDL assignment warning at traffic_fsm.v(183): truncated value with size 32 to match size of target (26) File: /home/xieerqi/GIT/msudenver_eet_4020_verilog/proj1_traffic_fsm/traffic_fsm.v Line: 183
Warning (10855): Verilog HDL warning at traffic_fsm.v(182): initial value for variable counter should be constant File: /home/xieerqi/GIT/msudenver_eet_4020_verilog/proj1_traffic_fsm/traffic_fsm.v Line: 182
Warning (10230): Verilog HDL assignment warning at traffic_fsm.v(192): truncated value with size 32 to match size of target (26) File: /home/xieerqi/GIT/msudenver_eet_4020_verilog/proj1_traffic_fsm/traffic_fsm.v Line: 192
Warning (10230): Verilog HDL assignment warning at traffic_fsm.v(195): truncated value with size 32 to match size of target (26) File: /home/xieerqi/GIT/msudenver_eet_4020_verilog/proj1_traffic_fsm/traffic_fsm.v Line: 195
Warning (10230): Verilog HDL assignment warning at traffic_fsm.v(197): truncated value with size 32 to match size of target (4) File: /home/xieerqi/GIT/msudenver_eet_4020_verilog/proj1_traffic_fsm/traffic_fsm.v Line: 197
Info (12128): Elaborating entity "seven_seg_decoder" for hierarchy "seven_seg_decoder:ssd" File: /home/xieerqi/GIT/msudenver_eet_4020_verilog/proj1_traffic_fsm/traffic_fsm.v Line: 24
Warning (13024): Output pins are stuck at VCC or GND
    Warning (13410): Pin "main_lights[0]" is stuck at GND File: /home/xieerqi/GIT/msudenver_eet_4020_verilog/proj1_traffic_fsm/traffic_fsm.v Line: 35
    Warning (13410): Pin "main_lights[1]" is stuck at GND File: /home/xieerqi/GIT/msudenver_eet_4020_verilog/proj1_traffic_fsm/traffic_fsm.v Line: 35
    Warning (13410): Pin "cross_lights[0]" is stuck at GND File: /home/xieerqi/GIT/msudenver_eet_4020_verilog/proj1_traffic_fsm/traffic_fsm.v Line: 35
    Warning (13410): Pin "cross_lights[1]" is stuck at GND File: /home/xieerqi/GIT/msudenver_eet_4020_verilog/proj1_traffic_fsm/traffic_fsm.v Line: 35
Info (286030): Timing-Driven Synthesis is running
Info (17049): 3 registers lost all their fanouts during netlist optimizations.
Info (16010): Generating hard_block partition "hard_block:auto_generated_inst"
    Info (16011): Adding 0 node(s), including 0 DDIO, 0 PLL, 0 transceiver and 0 LCELL
Warning (21074): Design contains 1 input pin(s) that do not drive logic
    Warning (15610): No output dependent on input pin "sensors[3]" File: /home/xieerqi/GIT/msudenver_eet_4020_verilog/proj1_traffic_fsm/traffic_fsm.v Line: 4
Info (21057): Implemented 102 device resources after synthesis - the final resource count might be different
    Info (21058): Implemented 6 input pins
    Info (21059): Implemented 17 output pins
    Info (21061): Implemented 79 logic cells
Info: Quartus Prime Analysis & Synthesis was successful. 0 errors, 13 warnings
    Info: Peak virtual memory: 1013 megabytes
    Info: Processing ended: Wed Apr 19 16:45:04 2017
    Info: Elapsed time: 00:00:46
    Info: Total CPU time (on all processors): 00:01:03


