Flow report for top_seven_seg_decoder
Tue Apr  4 14:32:51 2017
Quartus Prime Version 16.1.0 Build 196 10/24/2016 SJ Lite Edition


---------------------
; Table of Contents ;
---------------------
  1. Legal Notice
  2. Flow Summary
  3. Flow Settings
  4. Flow Non-Default Global Settings
  5. Flow Elapsed Time
  6. Flow OS Summary
  7. Flow Log
  8. Flow Messages
  9. Flow Suppressed Messages



----------------
; Legal Notice ;
----------------
Copyright (C) 2016  Intel Corporation. All rights reserved.
Your use of Intel Corporation's design tools, logic functions 
and other software and tools, and its AMPP partner logic 
functions, and any output files from any of the foregoing 
(including device programming or simulation files), and any 
associated documentation or information are expressly subject 
to the terms and conditions of the Intel Program License 
Subscription Agreement, the Intel Quartus Prime License Agreement,
the Intel MegaCore Function License Agreement, or other 
applicable license agreement, including, without limitation, 
that your use is for the sole purpose of programming logic 
devices manufactured by Intel and sold by Intel or its 
authorized distributors.  Please refer to the applicable 
agreement for further details.



+-------------------------------------------------------------------------------+
; Flow Summary                                                                  ;
+---------------------------------+---------------------------------------------+
; Flow Status                     ; Successful - Tue Apr  4 14:32:51 2017       ;
; Quartus Prime Version           ; 16.1.0 Build 196 10/24/2016 SJ Lite Edition ;
; Revision Name                   ; top_seven_seg_decoder                       ;
; Top-level Entity Name           ; seven_seg_decoder                           ;
; Family                          ; Cyclone V                                   ;
; Device                          ; 5CSEMA5F31C6                                ;
; Timing Models                   ; Final                                       ;
; Logic utilization (in ALMs)     ; 4 / 32,070 ( < 1 % )                        ;
; Total registers                 ; 0                                           ;
; Total pins                      ; 11 / 457 ( 2 % )                            ;
; Total virtual pins              ; 0                                           ;
; Total block memory bits         ; 0 / 4,065,280 ( 0 % )                       ;
; Total DSP Blocks                ; 0 / 87 ( 0 % )                              ;
; Total HSSI RX PCSs              ; 0                                           ;
; Total HSSI PMA RX Deserializers ; 0                                           ;
; Total HSSI TX PCSs              ; 0                                           ;
; Total HSSI PMA TX Serializers   ; 0                                           ;
; Total PLLs                      ; 0 / 6 ( 0 % )                               ;
; Total DLLs                      ; 0 / 4 ( 0 % )                               ;
+---------------------------------+---------------------------------------------+


+-------------------------------------------+
; Flow Settings                             ;
+-------------------+-----------------------+
; Option            ; Setting               ;
+-------------------+-----------------------+
; Start date & time ; 04/04/2017 14:28:10   ;
; Main task         ; Compilation           ;
; Revision Name     ; top_seven_seg_decoder ;
+-------------------+-----------------------+


+-------------------------------------------------------------------------------------------------------------------------------------------+
; Flow Non-Default Global Settings                                                                                                          ;
+-------------------------------------+----------------------------------------+-----------------------+-------------------+----------------+
; Assignment Name                     ; Value                                  ; Default Value         ; Entity Name       ; Section Id     ;
+-------------------------------------+----------------------------------------+-----------------------+-------------------+----------------+
; COMPILER_SIGNATURE_ID               ; 229056129618941.149133769005279        ; --                    ; --                ; --             ;
; EDA_OUTPUT_DATA_FORMAT              ; Verilog Hdl                            ; --                    ; --                ; eda_simulation ;
; EDA_SIMULATION_TOOL                 ; ModelSim-Altera (Verilog)              ; <None>                ; --                ; --             ;
; EDA_TIME_SCALE                      ; 1 ps                                   ; --                    ; --                ; eda_simulation ;
; MAX_CORE_JUNCTION_TEMP              ; 85                                     ; --                    ; --                ; --             ;
; MIN_CORE_JUNCTION_TEMP              ; 0                                      ; --                    ; --                ; --             ;
; PARTITION_COLOR                     ; -- (Not supported for targeted family) ; --                    ; seven_seg_decoder ; Top            ;
; PARTITION_FITTER_PRESERVATION_LEVEL ; -- (Not supported for targeted family) ; --                    ; seven_seg_decoder ; Top            ;
; PARTITION_NETLIST_TYPE              ; -- (Not supported for targeted family) ; --                    ; seven_seg_decoder ; Top            ;
; POWER_BOARD_THERMAL_MODEL           ; None (CONSERVATIVE)                    ; --                    ; --                ; --             ;
; POWER_PRESET_COOLING_SOLUTION       ; 23 MM HEAT SINK WITH 200 LFPM AIRFLOW  ; --                    ; --                ; --             ;
; PROJECT_OUTPUT_DIRECTORY            ; output_files                           ; --                    ; --                ; --             ;
; TOP_LEVEL_ENTITY                    ; seven_seg_decoder                      ; top_seven_seg_decoder ; --                ; --             ;
+-------------------------------------+----------------------------------------+-----------------------+-------------------+----------------+


+-------------------------------------------------------------------------------------------------------------------------------+
; Flow Elapsed Time                                                                                                             ;
+---------------------------+--------------+-------------------------+---------------------+------------------------------------+
; Module Name               ; Elapsed Time ; Average Processors Used ; Peak Virtual Memory ; Total CPU Time (on all processors) ;
+---------------------------+--------------+-------------------------+---------------------+------------------------------------+
; Analysis & Synthesis      ; 00:00:52     ; 1.0                     ; 962 MB              ; 00:01:07                           ;
; Fitter                    ; 00:02:55     ; 1.0                     ; 2040 MB             ; 00:02:37                           ;
; Assembler                 ; 00:00:23     ; 1.0                     ; 970 MB              ; 00:00:20                           ;
; TimeQuest Timing Analyzer ; 00:00:14     ; 1.0                     ; 1157 MB             ; 00:00:13                           ;
; EDA Netlist Writer        ; 00:00:04     ; 1.0                     ; 1140 MB             ; 00:00:03                           ;
; Total                     ; 00:04:28     ; --                      ; --                  ; 00:04:20                           ;
+---------------------------+--------------+-------------------------+---------------------+------------------------------------+


+---------------------------------------------------------------------------------------------+
; Flow OS Summary                                                                             ;
+---------------------------+------------------+----------------+------------+----------------+
; Module Name               ; Machine Hostname ; OS Name        ; OS Version ; Processor type ;
+---------------------------+------------------+----------------+------------+----------------+
; Analysis & Synthesis      ; eagle            ; Ubuntu 16.04.2 ; 16         ; x86_64         ;
; Fitter                    ; eagle            ; Ubuntu 16.04.2 ; 16         ; x86_64         ;
; Assembler                 ; eagle            ; Ubuntu 16.04.2 ; 16         ; x86_64         ;
; TimeQuest Timing Analyzer ; eagle            ; Ubuntu 16.04.2 ; 16         ; x86_64         ;
; EDA Netlist Writer        ; eagle            ; Ubuntu 16.04.2 ; 16         ; x86_64         ;
+---------------------------+------------------+----------------+------------+----------------+


------------
; Flow Log ;
------------
quartus_map --read_settings_files=on --write_settings_files=off top_seven_seg_decoder -c top_seven_seg_decoder
quartus_fit --read_settings_files=off --write_settings_files=off top_seven_seg_decoder -c top_seven_seg_decoder
quartus_asm --read_settings_files=off --write_settings_files=off top_seven_seg_decoder -c top_seven_seg_decoder
quartus_sta top_seven_seg_decoder -c top_seven_seg_decoder
quartus_eda --read_settings_files=off --write_settings_files=off top_seven_seg_decoder -c top_seven_seg_decoder



